remove openmpi/1.8.1 (PATH, MANPATH, LD_LIBRARY_PATH)
load MKL/2017.0.098 (LD_LIBRARY_PATH)
load impi/2017.0.098 (PATH, MANPATH, LD_LIBRARY_PATH)
load GREASY/latest (PATH)
load PYTHON/3.5.2_ML (PATH, MANPATH, LD_LIBRARY_PATH, C_INCLUDE_PATH, CPP_INCLUDE_PATH, PYTHONHOME, PYTHONPATH, THEANO_FLAGS)
Traceback (most recent call last):
  File "ComputeDispersionCoefficient.py", line 200, in <module>
    computeDispersionCoefficient(clusterElements, k1s = [k1], k2s = [k2], R=10, in_dir='input/NMTFMultiRuns/' + cell_cond, savePath=out_dir)
  File "ComputeDispersionCoefficient.py", line 135, in computeDispersionCoefficient
    G1 = np.load(vars_dir + '/' + Net_comb + '_G1.npy')
  File "/apps/PYTHON/3.5.2_ML/lib/python3.5/site-packages/numpy-1.16.1-py3.5-linux-x86_64.egg/numpy/lib/npyio.py", line 415, in load
    fid = open(os_fspath(file), "rb")
FileNotFoundError: [Errno 2] No such file or directory: 'input/NMTFMultiRuns/PINK1_D21/k1_75_k2_50/0/ALL_G1.npy'
Traceback (most recent call last):
  File "ComputeDispersionCoefficient.py", line 200, in <module>
    computeDispersionCoefficient(clusterElements, k1s = [k1], k2s = [k2], R=10, in_dir='input/NMTFMultiRuns/' + cell_cond, savePath=out_dir)
  File "ComputeDispersionCoefficient.py", line 135, in computeDispersionCoefficient
    G1 = np.load(vars_dir + '/' + Net_comb + '_G1.npy')
  File "/apps/PYTHON/3.5.2_ML/lib/python3.5/site-packages/numpy-1.16.1-py3.5-linux-x86_64.egg/numpy/lib/npyio.py", line 415, in load
    fid = open(os_fspath(file), "rb")
FileNotFoundError: [Errno 2] No such file or directory: 'input/NMTFMultiRuns/PINK1_D21/k1_75_k2_200/0/ALL_G1.npy'
Traceback (most recent call last):
  File "ComputeDispersionCoefficient.py", line 200, in <module>
    computeDispersionCoefficient(clusterElements, k1s = [k1], k2s = [k2], R=10, in_dir='input/NMTFMultiRuns/' + cell_cond, savePath=out_dir)
  File "ComputeDispersionCoefficient.py", line 135, in computeDispersionCoefficient
    G1 = np.load(vars_dir + '/' + Net_comb + '_G1.npy')
  File "/apps/PYTHON/3.5.2_ML/lib/python3.5/site-packages/numpy-1.16.1-py3.5-linux-x86_64.egg/numpy/lib/npyio.py", line 415, in load
    fid = open(os_fspath(file), "rb")
FileNotFoundError: [Errno 2] No such file or directory: 'input/NMTFMultiRuns/PINK1_D21/k1_75_k2_250/0/ALL_G1.npy'
Traceback (most recent call last):
  File "ComputeDispersionCoefficient.py", line 200, in <module>
    computeDispersionCoefficient(clusterElements, k1s = [k1], k2s = [k2], R=10, in_dir='input/NMTFMultiRuns/' + cell_cond, savePath=out_dir)
  File "ComputeDispersionCoefficient.py", line 135, in computeDispersionCoefficient
    G1 = np.load(vars_dir + '/' + Net_comb + '_G1.npy')
  File "/apps/PYTHON/3.5.2_ML/lib/python3.5/site-packages/numpy-1.16.1-py3.5-linux-x86_64.egg/numpy/lib/npyio.py", line 415, in load
    fid = open(os_fspath(file), "rb")
FileNotFoundError: [Errno 2] No such file or directory: 'input/NMTFMultiRuns/PINK1_D21/k1_75_k2_75/0/ALL_G1.npy'
